<?xml version="1.0" encoding="UTF-8"?>
<testng-results ignored="0" total="1" passed="1" failed="0" skipped="0">
  <reporter-output>
  </reporter-output>
  <suite started-at="2021-06-17T16:34:29 EDT" name="Default suite" finished-at="2021-06-17T16:34:38 EDT" duration-ms="8650">
    <groups>
    </groups>
    <test started-at="2021-06-17T16:34:29 EDT" name="Default test" finished-at="2021-06-17T16:34:38 EDT" duration-ms="8650">
      <class name="com.facebook.Verify">
        <test-method is-config="true" signature="beforeMethod()[pri:0, instance:com.facebook.Verify@4e268090]" started-at="2021-06-17T16:34:29 EDT" name="beforeMethod" finished-at="2021-06-17T16:34:35 EDT" duration-ms="5738" status="PASS">
          <reporter-output>
          </reporter-output>
        </test-method> <!-- beforeMethod -->
        <test-method signature="loginSample()[pri:0, instance:com.facebook.Verify@4e268090]" started-at="2021-06-17T16:34:35 EDT" name="loginSample" finished-at="2021-06-17T16:34:38 EDT" duration-ms="2841" status="PASS">
          <reporter-output>
          </reporter-output>
        </test-method> <!-- loginSample -->
        <test-method is-config="true" signature="close()[pri:0, instance:com.facebook.Verify@4e268090]" started-at="2021-06-17T16:34:38 EDT" name="close" finished-at="2021-06-17T16:34:38 EDT" duration-ms="0" status="PASS">
          <reporter-output>
          </reporter-output>
        </test-method> <!-- close -->
      </class> <!-- com.facebook.Verify -->
    </test> <!-- Default test -->
  </suite> <!-- Default suite -->
</testng-results>
